[debug] [2023-07-06T17:34:39.515Z] ----------------------------------------------------------------------
[debug] [2023-07-06T17:34:39.520Z] Command:       C:\Program Files\nodejs\node.exe C:\Users\Admin\AppData\Roaming\npm\node_modules\firebase-tools\lib\bin\firebase.js init
[debug] [2023-07-06T17:34:39.521Z] CLI Version:   12.4.2
[debug] [2023-07-06T17:34:39.522Z] Platform:      win32
[debug] [2023-07-06T17:34:39.522Z] Node Version:  v20.3.0
[debug] [2023-07-06T17:34:39.522Z] Time:          Thu Jul 06 2023 23:04:39 GMT+0530 (India Standard Time)
[debug] [2023-07-06T17:34:39.523Z] ----------------------------------------------------------------------
[debug] 
[debug] [2023-07-06T17:34:39.537Z] > command requires scopes: ["email","openid","https://www.googleapis.com/auth/cloudplatformprojects.readonly","https://www.googleapis.com/auth/firebase","https://www.googleapis.com/auth/cloud-platform"]
[debug] [2023-07-06T17:34:39.538Z] > authorizing via signed-in user (virajrodge5@gmail.com)
[info] 
     ######## #### ########  ######## ########     ###     ######  ########
     ##        ##  ##     ## ##       ##     ##  ##   ##  ##       ##
     ######    ##  ########  ######   ########  #########  ######  ######
     ##        ##  ##    ##  ##       ##     ## ##     ##       ## ##
     ##       #### ##     ## ######## ########  ##     ##  ######  ########

You're about to initialize a Firebase project in this directory:

  D:\Development\Important Projects\Chat-app-basic

[info] 
=== Project Setup
[info] 
[info] First, let's associate this project directory with a Firebase project.
[info] You can create multiple project aliases by running firebase use --add, 
[info] but for now we'll just set up a default project.
[info] 
[debug] [2023-07-06T17:35:39.089Z] > refreshing access token with scopes: []
[debug] [2023-07-06T17:35:39.095Z] >>> [apiv2][query] POST https://www.googleapis.com/oauth2/v3/token [none]
[debug] [2023-07-06T17:35:39.095Z] >>> [apiv2][body] POST https://www.googleapis.com/oauth2/v3/token [omitted]
[debug] [2023-07-06T17:35:39.472Z] <<< [apiv2][status] POST https://www.googleapis.com/oauth2/v3/token 200
[debug] [2023-07-06T17:35:39.472Z] <<< [apiv2][body] POST https://www.googleapis.com/oauth2/v3/token [omitted]
[debug] [2023-07-06T17:35:39.486Z] >>> [apiv2][query] GET https://firebase.googleapis.com/v1beta1/projects pageSize=100
[debug] [2023-07-06T17:35:40.265Z] <<< [apiv2][status] GET https://firebase.googleapis.com/v1beta1/projects 200
[debug] [2023-07-06T17:35:40.265Z] <<< [apiv2][body] GET https://firebase.googleapis.com/v1beta1/projects [omitted]
